  正在验证源
  正在将源远程复制到“192.168.1.136”
  正在验证体系结构
  正在验证体系结构
  正在启动远程生成
  正在编译源:
  main.cpp
D:\lfan\study\Project\C++\sserver\sserver\main.cpp(1,34): error : sserver/net/acceptor.h: No such file or directory
D:\lfan\study\Project\C++\sserver\sserver\main.cpp(1,34): error :  #include "sserver/net/acceptor.h"
D:\lfan\study\Project\C++\sserver\sserver\main.cpp(1,34): error :                                   ^
D:\lfan\study\Project\C++\sserver\sserver\main.cpp(1,34): error : compilation terminated.
  acceptor.cpp
D:\lfan\study\Project\C++\sserver\sserver\net\acceptor.cpp(36,28): warning : conversion to ‘sa_family_t {aka short unsigned int}’ from ‘int’ may alter its value [-Wconversion]
D:\lfan\study\Project\C++\sserver\sserver\net\acceptor.cpp(36,28): warning :   listen_address.sin_family = sock_family_;
D:\lfan\study\Project\C++\sserver\sserver\net\acceptor.cpp(36,28): warning :                             ^
D:\lfan\study\Project\C++\sserver\sserver\net\acceptor.cpp(38,45): warning : conversion to ‘uint16_t {aka short unsigned int}’ from ‘int’ may alter its value [-Wconversion]
D:\lfan\study\Project\C++\sserver\sserver\net\acceptor.cpp(38,45): warning :   listen_address.sin_port = htons(listen_port);
D:\lfan\study\Project\C++\sserver\sserver\net\acceptor.cpp(38,45): warning :                                              ^
  sock_stream.cpp
D:\lfan\study\Project\C++\sserver\sserver\net\sock_stream.cpp(73,25): warning : conversion to ‘sa_family_t {aka short unsigned int}’ from ‘int’ may alter its value [-Wconversion]
D:\lfan\study\Project\C++\sserver\sserver\net\sock_stream.cpp(73,25): warning :   remote_addr.sin_family = sock_family_;
D:\lfan\study\Project\C++\sserver\sserver\net\sock_stream.cpp(73,25): warning :                          ^
D:\lfan\study\Project\C++\sserver\sserver\net\sock_stream.cpp(75,42): warning : conversion to ‘uint16_t {aka short unsigned int}’ from ‘int’ may alter its value [-Wconversion]
D:\lfan\study\Project\C++\sserver\sserver\net\sock_stream.cpp(75,42): warning :   remote_addr.sin_port = htons(remote_port);
D:\lfan\study\Project\C++\sserver\sserver\net\sock_stream.cpp(75,42): warning :                                           ^
D:\lfan\study\Project\C++\sserver\sserver\net\sock_stream.cpp(119,48): warning : conversion to ‘int’ from ‘ssize_t {aka long int}’ may alter its value [-Wconversion]
D:\lfan\study\Project\C++\sserver\sserver\net\sock_stream.cpp(119,48): warning :   return send(sock_fd_,data_buf, num_bytes, flag);
D:\lfan\study\Project\C++\sserver\sserver\net\sock_stream.cpp(119,48): warning :                                                 ^
D:\lfan\study\Project\C++\sserver\sserver\net\sock_stream.cpp(124,49): warning : conversion to ‘int’ from ‘ssize_t {aka long int}’ may alter its value [-Wconversion]
D:\lfan\study\Project\C++\sserver\sserver\net\sock_stream.cpp(124,49): warning :   return recv(sock_fd_, data_buf, num_bytes, flag);
D:\lfan\study\Project\C++\sserver\sserver\net\sock_stream.cpp(124,49): warning :                                                  ^
